<?xml version="1.0" encoding="UTF-8"?>
<!-- Generated by org.testng.reporters.JUnitReportReporter -->
<testsuite skipped="0" hostname="AnmolChhabraMAC" name="api.CategoriesApiTests" tests="1" failures="0" timestamp="09 Aug 2020 12:45:18 GMT" time="4.178" errors="0">
  <testcase name="verifyUsersApiResponse" time="4.178" classname="api.CategoriesApiTests"/>
</testsuite> <!-- api.CategoriesApiTests -->
